2025-07-11 17:39:46,610 - INFO - Setting up FAISS Layer 1 test environment...
2025-07-11 17:39:46,614 - INFO - Cleaning up FAISS Layer 1 test environment...
2025-07-11 17:43:48,702 - INFO - Starting RIGOROUS LAYER 1 (FAISS) TESTING SUITE
2025-07-11 17:43:48,702 - INFO - Setting up FAISS Layer 1 test environment...
2025-07-11 17:43:48,723 - INFO - Test environment ready at C:\Users\Hp\AppData\Local\Temp\faiss_layer1_test_245yfr84
2025-07-11 17:43:48,723 - INFO - 
============================================================
2025-07-11 17:43:48,724 - INFO - Running BASIC_FUNCTIONALITY test...
2025-07-11 17:43:48,724 - INFO - ============================================================
2025-07-11 17:43:48,724 - INFO - Testing basic FAISS functionality...
2025-07-11 17:43:48,734 - INFO - Basic functionality test passed: {'initialization_time_ms': 0.0, 'vector_addition_time_ms': 0.0, 'verification_time_ms': 8.561134338378906, 'similarity_score': 0.8657381280727582, 'decision': 'continue'}
2025-07-11 17:43:48,734 - INFO - PASSED basic_functionality PASSED in 0.01s
2025-07-11 17:43:48,735 - INFO - 
============================================================
2025-07-11 17:43:48,735 - INFO - Running PERFORMANCE_REQUIREMENTS test...
2025-07-11 17:43:48,735 - INFO - ============================================================
2025-07-11 17:43:48,735 - INFO - Testing performance requirements...
2025-07-11 17:43:50,306 - INFO - Performance Results: {'avg_verification_time_ms': 15.514015999797266, 'p95_verification_time_ms': 16.343254981620703, 'p99_verification_time_ms': 17.101820987591054, 'max_verification_time_ms': 17.410800006473437, 'total_profiles': 4, 'meets_10ms_target': False, 'p95_meets_10ms_target': False}
2025-07-11 17:43:50,307 - ERROR - FAILED performance_requirements FAILED: Average verification time 15.51ms exceeds 10ms target
2025-07-11 17:43:50,307 - INFO - 
============================================================
2025-07-11 17:43:50,308 - INFO - Running SIMILARITY_ACCURACY test...
2025-07-11 17:43:50,308 - INFO - ============================================================
2025-07-11 17:43:50,309 - INFO - Testing similarity accuracy...
2025-07-11 17:43:50,619 - INFO - Accuracy Results: {'same_user_matches': 10, 'different_user_matches': 0, 'total_same_user_tests': 10, 'total_different_user_tests': 10, 'same_user_accuracy': 1.0, 'different_user_accuracy': 0.0, 'overall_accuracy': 0.5}
2025-07-11 17:43:50,620 - ERROR - FAILED similarity_accuracy FAILED: Different user accuracy 0.00 too low
2025-07-11 17:43:50,621 - INFO - 
============================================================
2025-07-11 17:43:50,622 - INFO - Running CONCURRENT_OPERATIONS test...
2025-07-11 17:43:50,622 - INFO - ============================================================
2025-07-11 17:43:50,622 - INFO - Testing concurrent operations...
2025-07-11 17:43:50,786 - INFO - Concurrency Results: {'total_concurrent_operations': 50, 'avg_concurrent_time_ms': 15.179642000584863, 'max_concurrent_time_ms': 16.26060000853613, 'score_consistency': 0.041272112900316335, 'all_operations_successful': True, 'concurrent_performance_degradation': 1.0}
2025-07-11 17:43:50,787 - INFO - PASSED concurrent_operations PASSED in 0.17s
2025-07-11 17:43:50,788 - INFO - 
============================================================
2025-07-11 17:43:50,788 - INFO - Running EDGE_CASES_AND_ATTACKS test...
2025-07-11 17:43:50,789 - INFO - ============================================================
2025-07-11 17:43:50,790 - INFO - Testing edge cases and attack vectors...
2025-07-11 17:43:50,916 - INFO - Edge Case Results: {'zero_vector_handled': True, 'zero_vector_similarity': 0.9722490650333201, 'extreme_vector_handled': True, 'extreme_vector_similarity': 0.8283143546654489, 'replay_attack_scores': [0.8323672256567962, 0.8114385352774491, 0.9062863714686783, 0.8907493727398132, 0.8061532709062736], 'replay_attack_detected': True, 'wrong_user_handled': True, 'wrong_user_decision': 'escalate'}
2025-07-11 17:43:50,917 - INFO - PASSED edge_cases_and_attacks PASSED in 0.13s
2025-07-11 17:43:50,917 - INFO - 
================================================================================
2025-07-11 17:43:50,917 - INFO - LAYER 1 (FAISS) TEST SUITE COMPLETE
2025-07-11 17:43:50,919 - INFO - ================================================================================
2025-07-11 17:43:50,919 - INFO - Success Rate: 60.0% (3/5)
2025-07-11 17:43:50,919 - INFO - Overall Status: FAILED
2025-07-11 17:43:50,919 - INFO - Cleaning up FAISS Layer 1 test environment...
2025-07-11 17:43:50,920 - INFO - Cleaned up temporary directory: C:\Users\Hp\AppData\Local\Temp\faiss_layer1_test_245yfr84
2025-07-11 18:16:42,982 - INFO - Starting RIGOROUS LAYER 1 (FAISS) TESTING SUITE
2025-07-11 18:16:42,983 - INFO - Setting up FAISS Layer 1 test environment...
2025-07-11 18:16:43,014 - INFO - Test environment ready at C:\Users\Hp\AppData\Local\Temp\faiss_layer1_test_gpopgxcr
2025-07-11 18:16:43,015 - INFO - 
============================================================
2025-07-11 18:16:43,015 - INFO - Running BASIC_FUNCTIONALITY test...
2025-07-11 18:16:43,016 - INFO - ============================================================
2025-07-11 18:16:43,016 - INFO - Testing basic FAISS functionality...
2025-07-11 18:16:43,037 - INFO - Basic functionality test passed: {'initialization_time_ms': 0.0, 'vector_addition_time_ms': 1.180887222290039, 'verification_time_ms': 20.261287689208984, 'similarity_score': 0.8657381280727582, 'decision': 'continue'}
2025-07-11 18:16:43,038 - INFO - PASSED basic_functionality PASSED in 0.02s
2025-07-11 18:16:43,038 - INFO - 
============================================================
2025-07-11 18:16:43,038 - INFO - Running PERFORMANCE_REQUIREMENTS test...
2025-07-11 18:16:43,039 - INFO - ============================================================
2025-07-11 18:16:43,040 - INFO - Testing performance requirements...
2025-07-11 18:16:44,665 - INFO - Performance Results: {'avg_verification_time_ms': 15.725907998566981, 'p95_verification_time_ms': 16.84650998940924, 'p99_verification_time_ms': 28.439588990004292, 'max_verification_time_ms': 33.37859999737702, 'total_profiles': 4, 'meets_10ms_target': False, 'p95_meets_10ms_target': False}
2025-07-11 18:16:44,666 - ERROR - FAILED performance_requirements FAILED: Average verification time 15.73ms exceeds 10ms target
2025-07-11 18:16:44,666 - INFO - 
============================================================
2025-07-11 18:16:44,667 - INFO - Running SIMILARITY_ACCURACY test...
2025-07-11 18:16:44,667 - INFO - ============================================================
2025-07-11 18:16:44,667 - INFO - Testing similarity accuracy...
2025-07-11 18:16:44,981 - INFO - Accuracy Results: {'same_user_matches': 10, 'different_user_matches': 0, 'total_same_user_tests': 10, 'total_different_user_tests': 10, 'same_user_accuracy': 1.0, 'different_user_accuracy': 0.0, 'overall_accuracy': 0.5}
2025-07-11 18:16:44,981 - ERROR - FAILED similarity_accuracy FAILED: Different user accuracy 0.00 too low
2025-07-11 18:16:44,983 - INFO - 
============================================================
2025-07-11 18:16:44,983 - INFO - Running CONCURRENT_OPERATIONS test...
2025-07-11 18:16:44,983 - INFO - ============================================================
2025-07-11 18:16:44,983 - INFO - Testing concurrent operations...
2025-07-11 18:16:45,152 - INFO - Concurrency Results: {'total_concurrent_operations': 50, 'avg_concurrent_time_ms': 15.237123995320871, 'max_concurrent_time_ms': 16.84450000175275, 'score_consistency': 0.041272112900316335, 'all_operations_successful': True, 'concurrent_performance_degradation': 1.0}
2025-07-11 18:16:45,152 - INFO - PASSED concurrent_operations PASSED in 0.17s
2025-07-11 18:16:45,153 - INFO - 
============================================================
2025-07-11 18:16:45,153 - INFO - Running EDGE_CASES_AND_ATTACKS test...
2025-07-11 18:16:45,153 - INFO - ============================================================
2025-07-11 18:16:45,153 - INFO - Testing edge cases and attack vectors...
2025-07-11 18:16:45,277 - INFO - Edge Case Results: {'zero_vector_handled': True, 'zero_vector_similarity': 0.9722490650333201, 'extreme_vector_handled': True, 'extreme_vector_similarity': 0.8283143546654489, 'replay_attack_scores': [0.8323672256567962, 0.8114385352774491, 0.9062863714686783, 0.8907493727398132, 0.8061532709062736], 'replay_attack_detected': True, 'wrong_user_handled': True, 'wrong_user_decision': 'escalate'}
2025-07-11 18:16:45,278 - INFO - PASSED edge_cases_and_attacks PASSED in 0.13s
2025-07-11 18:16:45,278 - INFO - 
================================================================================
2025-07-11 18:16:45,279 - INFO - LAYER 1 (FAISS) TEST SUITE COMPLETE
2025-07-11 18:16:45,279 - INFO - ================================================================================
2025-07-11 18:16:45,279 - INFO - Success Rate: 60.0% (3/5)
2025-07-11 18:16:45,279 - INFO - Overall Status: FAILED
2025-07-11 18:16:45,281 - INFO - Cleaning up FAISS Layer 1 test environment...
2025-07-11 18:16:45,282 - INFO - Cleaned up temporary directory: C:\Users\Hp\AppData\Local\Temp\faiss_layer1_test_gpopgxcr
2025-07-11 18:27:20,063 - INFO - Starting RIGOROUS LAYER 1 (FAISS) TESTING SUITE
2025-07-11 18:27:20,063 - INFO - Setting up FAISS Layer 1 test environment...
2025-07-11 18:27:20,090 - INFO - Test environment ready at C:\Users\Hp\AppData\Local\Temp\faiss_layer1_test_gzziwssj
2025-07-11 18:27:20,090 - INFO - 
============================================================
2025-07-11 18:27:20,090 - INFO - Running BASIC_FUNCTIONALITY test...
2025-07-11 18:27:20,091 - INFO - ============================================================
2025-07-11 18:27:20,091 - INFO - Testing basic FAISS functionality...
2025-07-11 18:27:20,102 - INFO - Basic functionality test passed: {'initialization_time_ms': 0.0, 'vector_addition_time_ms': 0.0, 'verification_time_ms': 11.274337768554688, 'similarity_score': 0.8657381280727582, 'decision': 'continue'}
2025-07-11 18:27:20,103 - INFO - PASSED basic_functionality PASSED in 0.01s
2025-07-11 18:27:20,103 - INFO - 
============================================================
2025-07-11 18:27:20,103 - INFO - Running PERFORMANCE_REQUIREMENTS test...
2025-07-11 18:27:20,103 - INFO - ============================================================
2025-07-11 18:27:20,103 - INFO - Testing performance requirements...
2025-07-11 18:27:21,660 - INFO - Performance Results: {'avg_verification_time_ms': 15.466576001490466, 'p95_verification_time_ms': 16.084905008028727, 'p99_verification_time_ms': 16.35215300571872, 'max_verification_time_ms': 16.36729997699149, 'total_profiles': 4, 'meets_10ms_target': False, 'p95_meets_10ms_target': False}
2025-07-11 18:27:21,661 - ERROR - FAILED performance_requirements FAILED: Average verification time 15.47ms exceeds 10ms target
2025-07-11 18:27:21,661 - INFO - 
============================================================
2025-07-11 18:27:21,661 - INFO - Running SIMILARITY_ACCURACY test...
2025-07-11 18:27:21,661 - INFO - ============================================================
2025-07-11 18:27:21,662 - INFO - Testing similarity accuracy...
2025-07-11 18:27:21,966 - INFO - Accuracy Results: {'same_user_matches': 10, 'different_user_matches': 0, 'total_same_user_tests': 10, 'total_different_user_tests': 10, 'same_user_accuracy': 1.0, 'different_user_accuracy': 0.0, 'overall_accuracy': 0.5}
2025-07-11 18:27:21,966 - ERROR - FAILED similarity_accuracy FAILED: Different user accuracy 0.00 too low
2025-07-11 18:27:21,966 - INFO - 
============================================================
2025-07-11 18:27:21,966 - INFO - Running CONCURRENT_OPERATIONS test...
2025-07-11 18:27:21,966 - INFO - ============================================================
2025-07-11 18:27:21,967 - INFO - Testing concurrent operations...
2025-07-11 18:27:22,121 - INFO - Concurrency Results: {'total_concurrent_operations': 50, 'avg_concurrent_time_ms': 15.238723999937065, 'max_concurrent_time_ms': 16.196200012927875, 'score_consistency': 0.041272112900316335, 'all_operations_successful': True, 'concurrent_performance_degradation': 1.0}
2025-07-11 18:27:22,121 - INFO - PASSED concurrent_operations PASSED in 0.15s
2025-07-11 18:27:22,121 - INFO - 
============================================================
2025-07-11 18:27:22,121 - INFO - Running EDGE_CASES_AND_ATTACKS test...
2025-07-11 18:27:22,121 - INFO - ============================================================
2025-07-11 18:27:22,121 - INFO - Testing edge cases and attack vectors...
2025-07-11 18:27:22,244 - INFO - Edge Case Results: {'zero_vector_handled': True, 'zero_vector_similarity': 0.9722490650333201, 'extreme_vector_handled': True, 'extreme_vector_similarity': 0.8283143546654489, 'replay_attack_scores': [0.8323672256567962, 0.8114385352774491, 0.9062863714686783, 0.8907493727398132, 0.8061532709062736], 'replay_attack_detected': True, 'wrong_user_handled': True, 'wrong_user_decision': 'escalate'}
2025-07-11 18:27:22,244 - INFO - PASSED edge_cases_and_attacks PASSED in 0.12s
2025-07-11 18:27:22,245 - INFO - 
================================================================================
2025-07-11 18:27:22,245 - INFO - LAYER 1 (FAISS) TEST SUITE COMPLETE
2025-07-11 18:27:22,245 - INFO - ================================================================================
2025-07-11 18:27:22,245 - INFO - Success Rate: 60.0% (3/5)
2025-07-11 18:27:22,245 - INFO - Overall Status: FAILED
2025-07-11 18:27:22,245 - INFO - Cleaning up FAISS Layer 1 test environment...
2025-07-11 18:27:22,246 - INFO - Cleaned up temporary directory: C:\Users\Hp\AppData\Local\Temp\faiss_layer1_test_gzziwssj
2025-07-11 18:30:30,358 - INFO - Starting RIGOROUS LAYER 1 (FAISS) TESTING SUITE
2025-07-11 18:30:30,358 - INFO - Setting up FAISS Layer 1 test environment...
2025-07-11 18:30:30,383 - INFO - Test environment ready at C:\Users\Hp\AppData\Local\Temp\faiss_layer1_test_u5tee44t
2025-07-11 18:30:30,383 - INFO - 
============================================================
2025-07-11 18:30:30,383 - INFO - Running BASIC_FUNCTIONALITY test...
2025-07-11 18:30:30,383 - INFO - ============================================================
2025-07-11 18:30:30,383 - INFO - Testing basic FAISS functionality...
2025-07-11 18:30:30,397 - INFO - Basic functionality test passed: {'initialization_time_ms': 0.0, 'vector_addition_time_ms': 1.5087127685546875, 'verification_time_ms': 12.894630432128906, 'similarity_score': 0.8657381280727582, 'decision': 'continue'}
2025-07-11 18:30:30,397 - INFO - PASSED basic_functionality PASSED in 0.01s
2025-07-11 18:30:30,397 - INFO - 
============================================================
2025-07-11 18:30:30,399 - INFO - Running PERFORMANCE_REQUIREMENTS test...
2025-07-11 18:30:30,399 - INFO - ============================================================
2025-07-11 18:30:30,399 - INFO - Testing performance requirements...
2025-07-11 18:30:31,951 - INFO - Performance Results: {'avg_verification_time_ms': 15.45436500076903, 'p95_verification_time_ms': 16.150750011729542, 'p99_verification_time_ms': 16.244634997565306, 'max_verification_time_ms': 17.455900000641122, 'total_profiles': 4, 'meets_10ms_target': False, 'p95_meets_10ms_target': False}
2025-07-11 18:30:31,951 - ERROR - FAILED performance_requirements FAILED: Average verification time 15.45ms exceeds 10ms target
2025-07-11 18:30:31,952 - INFO - 
============================================================
2025-07-11 18:30:31,952 - INFO - Running SIMILARITY_ACCURACY test...
2025-07-11 18:30:31,952 - INFO - ============================================================
2025-07-11 18:30:31,952 - INFO - Testing similarity accuracy...
2025-07-11 18:30:32,258 - INFO - Accuracy Results: {'same_user_matches': 10, 'different_user_matches': 0, 'total_same_user_tests': 10, 'total_different_user_tests': 10, 'same_user_accuracy': 1.0, 'different_user_accuracy': 0.0, 'overall_accuracy': 0.5}
2025-07-11 18:30:32,258 - ERROR - FAILED similarity_accuracy FAILED: Different user accuracy 0.00 too low
2025-07-11 18:30:32,258 - INFO - 
============================================================
2025-07-11 18:30:32,259 - INFO - Running CONCURRENT_OPERATIONS test...
2025-07-11 18:30:32,259 - INFO - ============================================================
2025-07-11 18:30:32,259 - INFO - Testing concurrent operations...
2025-07-11 18:30:32,413 - INFO - Concurrency Results: {'total_concurrent_operations': 50, 'avg_concurrent_time_ms': 15.221791999647394, 'max_concurrent_time_ms': 16.11219998449087, 'score_consistency': 0.041272112900316335, 'all_operations_successful': True, 'concurrent_performance_degradation': 1.0}
2025-07-11 18:30:32,413 - INFO - PASSED concurrent_operations PASSED in 0.15s
2025-07-11 18:30:32,413 - INFO - 
============================================================
2025-07-11 18:30:32,413 - INFO - Running EDGE_CASES_AND_ATTACKS test...
2025-07-11 18:30:32,414 - INFO - ============================================================
2025-07-11 18:30:32,414 - INFO - Testing edge cases and attack vectors...
2025-07-11 18:30:32,536 - INFO - Edge Case Results: {'zero_vector_handled': True, 'zero_vector_similarity': 0.9722490650333201, 'extreme_vector_handled': True, 'extreme_vector_similarity': 0.8283143546654489, 'replay_attack_scores': [0.8323672256567962, 0.8114385352774491, 0.9062863714686783, 0.8907493727398132, 0.8061532709062736], 'replay_attack_detected': True, 'wrong_user_handled': True, 'wrong_user_decision': 'escalate'}
2025-07-11 18:30:32,536 - INFO - PASSED edge_cases_and_attacks PASSED in 0.12s
2025-07-11 18:30:32,537 - INFO - 
================================================================================
2025-07-11 18:30:32,537 - INFO - LAYER 1 (FAISS) TEST SUITE COMPLETE
2025-07-11 18:30:32,537 - INFO - ================================================================================
2025-07-11 18:30:32,537 - INFO - Success Rate: 60.0% (3/5)
2025-07-11 18:30:32,537 - INFO - Overall Status: FAILED
2025-07-11 18:30:32,537 - INFO - Cleaning up FAISS Layer 1 test environment...
2025-07-11 18:30:32,538 - INFO - Cleaned up temporary directory: C:\Users\Hp\AppData\Local\Temp\faiss_layer1_test_u5tee44t
2025-07-11 18:32:44,994 - INFO - Starting RIGOROUS LAYER 1 (FAISS) TESTING SUITE
2025-07-11 18:32:44,994 - INFO - Setting up FAISS Layer 1 test environment...
2025-07-11 18:32:45,023 - INFO - Test environment ready at C:\Users\Hp\AppData\Local\Temp\faiss_layer1_test_9u5d5_kw
2025-07-11 18:32:45,023 - INFO - 
============================================================
2025-07-11 18:32:45,024 - INFO - Running BASIC_FUNCTIONALITY test...
2025-07-11 18:32:45,024 - INFO - ============================================================
2025-07-11 18:32:45,024 - INFO - Testing basic FAISS functionality...
2025-07-11 18:32:45,037 - INFO - Basic functionality test passed: {'initialization_time_ms': 0.0, 'vector_addition_time_ms': 0.0, 'verification_time_ms': 12.234687805175781, 'similarity_score': 0.8657381280727582, 'decision': 'continue'}
2025-07-11 18:32:45,037 - INFO - PASSED basic_functionality PASSED in 0.01s
2025-07-11 18:32:45,037 - INFO - 
============================================================
2025-07-11 18:32:45,037 - INFO - Running PERFORMANCE_REQUIREMENTS test...
2025-07-11 18:32:45,037 - INFO - ============================================================
2025-07-11 18:32:45,037 - INFO - Testing performance requirements...
2025-07-11 18:32:46,585 - INFO - Performance Results: {'avg_verification_time_ms': 15.437946998281404, 'p95_verification_time_ms': 16.14481998985866, 'p99_verification_time_ms': 16.466810001875274, 'max_verification_time_ms': 16.537100018467754, 'total_profiles': 4, 'meets_10ms_target': False, 'p95_meets_10ms_target': False}
2025-07-11 18:32:46,585 - ERROR - FAILED performance_requirements FAILED: Average verification time 15.44ms exceeds 10ms target
2025-07-11 18:32:46,585 - INFO - 
============================================================
2025-07-11 18:32:46,587 - INFO - Running SIMILARITY_ACCURACY test...
2025-07-11 18:32:46,587 - INFO - ============================================================
2025-07-11 18:32:46,587 - INFO - Testing similarity accuracy...
2025-07-11 18:32:46,898 - INFO - Accuracy Results: {'same_user_matches': 10, 'different_user_matches': 0, 'total_same_user_tests': 10, 'total_different_user_tests': 10, 'same_user_accuracy': 1.0, 'different_user_accuracy': 0.0, 'overall_accuracy': 0.5}
2025-07-11 18:32:46,899 - ERROR - FAILED similarity_accuracy FAILED: Different user accuracy 0.00 too low
2025-07-11 18:32:46,899 - INFO - 
============================================================
2025-07-11 18:32:46,899 - INFO - Running CONCURRENT_OPERATIONS test...
2025-07-11 18:32:46,899 - INFO - ============================================================
2025-07-11 18:32:46,899 - INFO - Testing concurrent operations...
2025-07-11 18:32:47,053 - INFO - Concurrency Results: {'total_concurrent_operations': 50, 'avg_concurrent_time_ms': 15.290256000007503, 'max_concurrent_time_ms': 16.72009998583235, 'score_consistency': 0.041272112900316335, 'all_operations_successful': True, 'concurrent_performance_degradation': 1.0}
2025-07-11 18:32:47,054 - INFO - PASSED concurrent_operations PASSED in 0.16s
2025-07-11 18:32:47,054 - INFO - 
============================================================
2025-07-11 18:32:47,054 - INFO - Running EDGE_CASES_AND_ATTACKS test...
2025-07-11 18:32:47,055 - INFO - ============================================================
2025-07-11 18:32:47,055 - INFO - Testing edge cases and attack vectors...
2025-07-11 18:32:47,178 - INFO - Edge Case Results: {'zero_vector_handled': True, 'zero_vector_similarity': 0.9722490650333201, 'extreme_vector_handled': True, 'extreme_vector_similarity': 0.8283143546654489, 'replay_attack_scores': [0.8323672256567962, 0.8114385352774491, 0.9062863714686783, 0.8907493727398132, 0.8061532709062736], 'replay_attack_detected': True, 'wrong_user_handled': True, 'wrong_user_decision': 'escalate'}
2025-07-11 18:32:47,178 - INFO - PASSED edge_cases_and_attacks PASSED in 0.12s
2025-07-11 18:32:47,178 - INFO - 
================================================================================
2025-07-11 18:32:47,178 - INFO - LAYER 1 (FAISS) TEST SUITE COMPLETE
2025-07-11 18:32:47,179 - INFO - ================================================================================
2025-07-11 18:32:47,179 - INFO - Success Rate: 60.0% (3/5)
2025-07-11 18:32:47,179 - INFO - Overall Status: FAILED
2025-07-11 18:32:47,179 - INFO - Cleaning up FAISS Layer 1 test environment...
2025-07-11 18:32:47,180 - INFO - Cleaned up temporary directory: C:\Users\Hp\AppData\Local\Temp\faiss_layer1_test_9u5d5_kw
